<?xml version="1.0" encoding="UTF-8"?>
<robot generator="Robot 5.0.1 (Python 3.10.4 on win32)" generated="20220803 16:12:20.384" rpa="false" schemaversion="3">
<suite id="s1" name="Workshop26Jul" source="C:\RoboAutomationTraining\testscripts\Workshop26Jul.robot">
<kw name="readXML" library="Common" type="SETUP">
<kw name="Read XML As Per Node" library="reusable">
<var>${applicationpath}</var>
<arg>applicationURL</arg>
<msg timestamp="20220803 16:12:20.683" level="INFO">${applicationpath} = https://techedtrainings.com/</msg>
<status status="PASS" starttime="20220803 16:12:20.673" endtime="20220803 16:12:20.683"/>
</kw>
<kw name="Set Global Variable" library="BuiltIn">
<arg>${applicationpath}</arg>
<doc>Makes a variable available globally in all tests and suites.</doc>
<msg timestamp="20220803 16:12:20.685" level="INFO">${applicationpath} = https://techedtrainings.com/</msg>
<status status="PASS" starttime="20220803 16:12:20.683" endtime="20220803 16:12:20.685"/>
</kw>
<kw name="Read XML As Per Node" library="reusable">
<var>${chromepath}</var>
<arg>chromepath</arg>
<msg timestamp="20220803 16:12:20.685" level="INFO">${chromepath} = C:/bin/drivers/chromedriver.exe</msg>
<status status="PASS" starttime="20220803 16:12:20.685" endtime="20220803 16:12:20.686"/>
</kw>
<kw name="Set Global Variable" library="BuiltIn">
<arg>${chromepath}</arg>
<doc>Makes a variable available globally in all tests and suites.</doc>
<msg timestamp="20220803 16:12:20.686" level="INFO">${chromepath} = C:/bin/drivers/chromedriver.exe</msg>
<status status="PASS" starttime="20220803 16:12:20.686" endtime="20220803 16:12:20.686"/>
</kw>
<kw name="Read XML As Per Node" library="reusable">
<var>${popupurl}</var>
<arg>PopUpURL</arg>
<msg timestamp="20220803 16:12:20.687" level="INFO">${popupurl} = https://the-internet.herokuapp.com/javascript_alerts</msg>
<status status="PASS" starttime="20220803 16:12:20.686" endtime="20220803 16:12:20.687"/>
</kw>
<kw name="Set Global Variable" library="BuiltIn">
<arg>${popupurl}</arg>
<doc>Makes a variable available globally in all tests and suites.</doc>
<msg timestamp="20220803 16:12:20.688" level="INFO">${popupurl} = https://the-internet.herokuapp.com/javascript_alerts</msg>
<status status="PASS" starttime="20220803 16:12:20.688" endtime="20220803 16:12:20.688"/>
</kw>
<kw name="Read XML As Per Node" library="reusable">
<var>${arisurlpath}</var>
<arg>arisurl</arg>
<msg timestamp="20220803 16:12:20.689" level="INFO">${arisurlpath} = https://www.arisglobal.com</msg>
<status status="PASS" starttime="20220803 16:12:20.688" endtime="20220803 16:12:20.689"/>
</kw>
<kw name="Set Global Variable" library="BuiltIn">
<arg>${arisurlpath}</arg>
<doc>Makes a variable available globally in all tests and suites.</doc>
<msg timestamp="20220803 16:12:20.689" level="INFO">${arisurlpath} = https://www.arisglobal.com</msg>
<status status="PASS" starttime="20220803 16:12:20.689" endtime="20220803 16:12:20.689"/>
</kw>
<kw name="Read XML As Per Node" library="reusable">
<var>${arisurlleadership}</var>
<arg>arisurlleadership</arg>
<msg timestamp="20220803 16:12:20.690" level="INFO">${arisurlleadership} = https://www.arisglobal.com/who-we-are/leadership</msg>
<status status="PASS" starttime="20220803 16:12:20.689" endtime="20220803 16:12:20.690"/>
</kw>
<kw name="Set Global Variable" library="BuiltIn">
<arg>${arisurlleadership}</arg>
<doc>Makes a variable available globally in all tests and suites.</doc>
<msg timestamp="20220803 16:12:20.690" level="INFO">${arisurlleadership} = https://www.arisglobal.com/who-we-are/leadership</msg>
<status status="PASS" starttime="20220803 16:12:20.690" endtime="20220803 16:12:20.690"/>
</kw>
<kw name="Read XML As Per Node" library="reusable">
<var>${arisurlcareers}</var>
<arg>arisurlcareers</arg>
<msg timestamp="20220803 16:12:20.691" level="INFO">${arisurlcareers} = https://www.arisglobal.com/careers</msg>
<status status="PASS" starttime="20220803 16:12:20.690" endtime="20220803 16:12:20.691"/>
</kw>
<kw name="Set Global Variable" library="BuiltIn">
<arg>${arisurlcareers}</arg>
<doc>Makes a variable available globally in all tests and suites.</doc>
<msg timestamp="20220803 16:12:20.691" level="INFO">${arisurlcareers} = https://www.arisglobal.com/careers</msg>
<status status="PASS" starttime="20220803 16:12:20.691" endtime="20220803 16:12:20.691"/>
</kw>
<kw name="Read XML As Per Node" library="reusable">
<var>${aristitle}</var>
<arg>aristitle</arg>
<msg timestamp="20220803 16:12:20.692" level="INFO">${aristitle} = Homepage | ArisGlobal</msg>
<status status="PASS" starttime="20220803 16:12:20.691" endtime="20220803 16:12:20.692"/>
</kw>
<kw name="Set Global Variable" library="BuiltIn">
<arg>${aristitle}</arg>
<doc>Makes a variable available globally in all tests and suites.</doc>
<msg timestamp="20220803 16:12:20.692" level="INFO">${aristitle} = Homepage | ArisGlobal</msg>
<status status="PASS" starttime="20220803 16:12:20.692" endtime="20220803 16:12:20.692"/>
</kw>
<status status="PASS" starttime="20220803 16:12:20.673" endtime="20220803 16:12:20.692"/>
</kw>
<test id="s1-t1" name="TC002" line="23">
<kw name="Setup" library="Common" type="SETUP">
<kw name="Open Browser" library="SeleniumLibrary">
<arg>about:blank</arg>
<arg>${BROWSER}</arg>
<doc>Opens a new browser instance to the optional ``url``.</doc>
<msg timestamp="20220803 16:12:20.695" level="INFO">Opening browser 'Chrome' to base url 'about:blank'.</msg>
<status status="PASS" starttime="20220803 16:12:20.695" endtime="20220803 16:12:22.699"/>
</kw>
<kw name="Maximize Browser Window" library="SeleniumLibrary">
<doc>Maximizes current browser window.</doc>
<status status="PASS" starttime="20220803 16:12:22.700" endtime="20220803 16:12:22.819"/>
</kw>
<status status="PASS" starttime="20220803 16:12:20.695" endtime="20220803 16:12:22.819"/>
</kw>
<kw name="Go To" library="SeleniumLibrary">
<arg>${arisurlpath}</arg>
<doc>Navigates the current browser window to the provided ``url``.</doc>
<msg timestamp="20220803 16:12:22.821" level="INFO">Opening url 'https://www.arisglobal.com'</msg>
<status status="PASS" starttime="20220803 16:12:22.820" endtime="20220803 16:12:30.735"/>
</kw>
<kw name="Sleep" library="BuiltIn">
<arg>5</arg>
<doc>Pauses the test executed for the given time.</doc>
<msg timestamp="20220803 16:12:35.737" level="INFO">Slept 5 seconds</msg>
<status status="PASS" starttime="20220803 16:12:30.735" endtime="20220803 16:12:35.737"/>
</kw>
<kw name="Hover on LifeSphere" library="Common">
<kw name="Mouse Over" library="SeleniumLibrary">
<arg>${lnklifesphere}</arg>
<doc>Simulates hovering the mouse over the element ``locator``.</doc>
<msg timestamp="20220803 16:12:35.739" level="INFO">Simulating Mouse Over on element '//a[contains(.,'LifeSphere')]'.</msg>
<status status="PASS" starttime="20220803 16:12:35.737" endtime="20220803 16:12:36.032"/>
</kw>
<status status="PASS" starttime="20220803 16:12:35.737" endtime="20220803 16:12:36.032"/>
</kw>
<kw name="Hover On LifeSphere Medical Affairs" library="Common">
<kw name="Mouse Over" library="SeleniumLibrary">
<arg>${lnkmedicalaffairs}</arg>
<doc>Simulates hovering the mouse over the element ``locator``.</doc>
<msg timestamp="20220803 16:12:36.035" level="INFO">Simulating Mouse Over on element '//span[contains(.,'LifeSphere Medical Affairs')]'.</msg>
<status status="PASS" starttime="20220803 16:12:36.034" endtime="20220803 16:12:36.316"/>
</kw>
<kw name="Sleep" library="BuiltIn">
<arg>1</arg>
<doc>Pauses the test executed for the given time.</doc>
<msg timestamp="20220803 16:12:37.320" level="INFO">Slept 1 second</msg>
<status status="PASS" starttime="20220803 16:12:36.316" endtime="20220803 16:12:37.320"/>
</kw>
<status status="PASS" starttime="20220803 16:12:36.034" endtime="20220803 16:12:37.320"/>
</kw>
<kw name="Navigate to Reporter page" library="Common">
<kw name="Click Element" library="SeleniumLibrary">
<arg>${lnkreporter}</arg>
<doc>Click the element identified by ``locator``.</doc>
<msg timestamp="20220803 16:12:37.322" level="INFO">Clicking element '//a[contains(.,'Reporter')]'.</msg>
<status status="PASS" starttime="20220803 16:12:37.322" endtime="20220803 16:12:40.248"/>
</kw>
<kw name="Sleep" library="BuiltIn">
<arg>1</arg>
<doc>Pauses the test executed for the given time.</doc>
<msg timestamp="20220803 16:12:41.260" level="INFO">Slept 1 second</msg>
<status status="PASS" starttime="20220803 16:12:40.249" endtime="20220803 16:12:41.261"/>
</kw>
<kw name="Wait Until Element Is Visible" library="SeleniumLibrary">
<arg>${spnreporter}</arg>
<doc>Waits until the element ``locator`` is visible.</doc>
<status status="PASS" starttime="20220803 16:12:41.262" endtime="20220803 16:12:41.315"/>
</kw>
<kw name="Sleep" library="BuiltIn">
<arg>2</arg>
<doc>Pauses the test executed for the given time.</doc>
<msg timestamp="20220803 16:12:43.331" level="INFO">Slept 2 seconds</msg>
<status status="PASS" starttime="20220803 16:12:41.315" endtime="20220803 16:12:43.332"/>
</kw>
<status status="PASS" starttime="20220803 16:12:37.321" endtime="20220803 16:12:43.332"/>
</kw>
<kw name="Validate Watch a Video button" library="Common">
<kw name="Page Should Contain Element" library="SeleniumLibrary">
<arg>${btnwatchthevideo}</arg>
<doc>Verifies that element ``locator`` is found on the current page.</doc>
<msg timestamp="20220803 16:12:43.357" level="INFO">Current page contains element '//a[contains(.,'Watch the video')]'.</msg>
<status status="PASS" starttime="20220803 16:12:43.334" endtime="20220803 16:12:43.357"/>
</kw>
<kw name="Log" library="BuiltIn">
<arg>${logbtnwatchthevideo}</arg>
<doc>Logs the given message with the given level.</doc>
<msg timestamp="20220803 16:12:43.360" level="INFO">Page contains Watch the video button</msg>
<status status="PASS" starttime="20220803 16:12:43.358" endtime="20220803 16:12:43.360"/>
</kw>
<kw name="Sleep" library="BuiltIn">
<arg>2</arg>
<doc>Pauses the test executed for the given time.</doc>
<msg timestamp="20220803 16:12:45.368" level="INFO">Slept 2 seconds</msg>
<status status="PASS" starttime="20220803 16:12:43.361" endtime="20220803 16:12:45.368"/>
</kw>
<status status="PASS" starttime="20220803 16:12:43.333" endtime="20220803 16:12:45.369"/>
</kw>
<kw name="Validate Schedule a Demo button" library="Common">
<kw name="Page Should Contain Element" library="SeleniumLibrary">
<arg>${btnscheddemo}</arg>
<doc>Verifies that element ``locator`` is found on the current page.</doc>
<msg timestamp="20220803 16:12:45.632" level="INFO">Current page contains element '//a[contains(.,'Schedule a demo')]'.</msg>
<status status="PASS" starttime="20220803 16:12:45.381" endtime="20220803 16:12:45.632"/>
</kw>
<kw name="Log" library="BuiltIn">
<arg>${logscheddemo}</arg>
<doc>Logs the given message with the given level.</doc>
<msg timestamp="20220803 16:12:45.633" level="INFO">Page contains schedule a demo button</msg>
<status status="PASS" starttime="20220803 16:12:45.633" endtime="20220803 16:12:45.633"/>
</kw>
<kw name="Sleep" library="BuiltIn">
<arg>2</arg>
<doc>Pauses the test executed for the given time.</doc>
<msg timestamp="20220803 16:12:47.644" level="INFO">Slept 2 seconds</msg>
<status status="PASS" starttime="20220803 16:12:45.633" endtime="20220803 16:12:47.647"/>
</kw>
<status status="PASS" starttime="20220803 16:12:45.379" endtime="20220803 16:12:47.647"/>
</kw>
<kw name="Click on Schedule a Demo button" library="Common">
<kw name="Click Element" library="SeleniumLibrary">
<arg>${btnscheddemo}</arg>
<doc>Click the element identified by ``locator``.</doc>
<msg timestamp="20220803 16:12:47.652" level="INFO">Clicking element '//a[contains(.,'Schedule a demo')]'.</msg>
<status status="PASS" starttime="20220803 16:12:47.650" endtime="20220803 16:12:51.264"/>
</kw>
<kw name="Sleep" library="BuiltIn">
<arg>2</arg>
<doc>Pauses the test executed for the given time.</doc>
<msg timestamp="20220803 16:12:53.265" level="INFO">Slept 2 seconds</msg>
<status status="PASS" starttime="20220803 16:12:51.264" endtime="20220803 16:12:53.266"/>
</kw>
<kw name="Log" library="BuiltIn">
<arg>${logscheddemoclk}</arg>
<doc>Logs the given message with the given level.</doc>
<msg timestamp="20220803 16:12:53.266" level="INFO">Clicked on schedule a demo button</msg>
<status status="PASS" starttime="20220803 16:12:53.266" endtime="20220803 16:12:53.266"/>
</kw>
<kw name="Sleep" library="BuiltIn">
<arg>5</arg>
<doc>Pauses the test executed for the given time.</doc>
<msg timestamp="20220803 16:12:58.278" level="INFO">Slept 5 seconds</msg>
<status status="PASS" starttime="20220803 16:12:53.266" endtime="20220803 16:12:58.278"/>
</kw>
<status status="PASS" starttime="20220803 16:12:47.649" endtime="20220803 16:12:58.279"/>
</kw>
<kw name="Fill the form" library="Common">
<kw name="Select Frame" library="SeleniumLibrary">
<arg>${iframeclk}</arg>
<doc>Sets frame identified by ``locator`` as the current frame.</doc>
<msg timestamp="20220803 16:12:58.281" level="INFO">Selecting frame '//iframe[@class='pardot-form']'.</msg>
<status status="PASS" starttime="20220803 16:12:58.280" endtime="20220803 16:12:58.311"/>
</kw>
<kw name="Scroll Element Into View" library="SeleniumLibrary">
<arg>${txtfirstname}</arg>
<doc>Scrolls the element identified by ``locator`` into view.</doc>
<status status="PASS" starttime="20220803 16:12:58.311" endtime="20220803 16:12:58.622"/>
</kw>
<kw name="Sleep" library="BuiltIn">
<arg>3</arg>
<doc>Pauses the test executed for the given time.</doc>
<msg timestamp="20220803 16:13:01.637" level="INFO">Slept 3 seconds</msg>
<status status="PASS" starttime="20220803 16:12:58.622" endtime="20220803 16:13:01.637"/>
</kw>
<kw name="Input Text" library="SeleniumLibrary">
<arg>${txtfirstname}</arg>
<arg>Nagendra</arg>
<doc>Types the given ``text`` into the text field identified by ``locator``.</doc>
<msg timestamp="20220803 16:13:01.637" level="INFO">Typing text 'Nagendra' into text field '//label[contains(.,'First Name *')]/following-sibling::input'.</msg>
<status status="PASS" starttime="20220803 16:13:01.637" endtime="20220803 16:13:01.726"/>
</kw>
<kw name="Input Text" library="SeleniumLibrary">
<arg>${txtlastname}</arg>
<arg>AM</arg>
<doc>Types the given ``text`` into the text field identified by ``locator``.</doc>
<msg timestamp="20220803 16:13:01.727" level="INFO">Typing text 'AM' into text field '//label[contains(.,'Last Name *')]/following-sibling::input'.</msg>
<status status="PASS" starttime="20220803 16:13:01.726" endtime="20220803 16:13:01.814"/>
</kw>
<kw name="Input Text" library="SeleniumLibrary">
<arg>${txtcompname}</arg>
<arg>arisglobal</arg>
<doc>Types the given ``text`` into the text field identified by ``locator``.</doc>
<msg timestamp="20220803 16:13:01.815" level="INFO">Typing text 'arisglobal' into text field '//label[contains(.,'Company Name *')]/following-sibling::input'.</msg>
<status status="PASS" starttime="20220803 16:13:01.814" endtime="20220803 16:13:01.898"/>
</kw>
<kw name="Input Text" library="SeleniumLibrary">
<arg>${txtjobtitle}</arg>
<arg>jobtitle</arg>
<doc>Types the given ``text`` into the text field identified by ``locator``.</doc>
<msg timestamp="20220803 16:13:01.899" level="INFO">Typing text 'jobtitle' into text field '//label[contains(.,'Job Title *')]/following-sibling::input'.</msg>
<status status="PASS" starttime="20220803 16:13:01.898" endtime="20220803 16:13:01.992"/>
</kw>
<kw name="Click Element" library="SeleniumLibrary">
<arg>${drphqcountry}</arg>
<doc>Click the element identified by ``locator``.</doc>
<msg timestamp="20220803 16:13:01.994" level="INFO">Clicking element '//label[contains(.,'HQ Country *')]/following-sibling::select'.</msg>
<status status="PASS" starttime="20220803 16:13:01.993" endtime="20220803 16:13:02.098"/>
</kw>
<kw name="Select From List By Index" library="SeleniumLibrary">
<arg>${drphqcountry}</arg>
<arg>5</arg>
<doc>Selects options from selection list ``locator`` by ``indexes``.</doc>
<msg timestamp="20220803 16:13:02.098" level="INFO">Selecting options from selection list '//label[contains(.,'HQ Country *')]/following-sibling::select' by index 5.</msg>
<status status="PASS" starttime="20220803 16:13:02.098" endtime="20220803 16:13:02.247"/>
</kw>
<kw name="Input Text" library="SeleniumLibrary">
<arg>${txtemail}</arg>
<arg>testemail@xxxxxx.com</arg>
<doc>Types the given ``text`` into the text field identified by ``locator``.</doc>
<msg timestamp="20220803 16:13:02.248" level="INFO">Typing text 'testemail@xxxxxx.com' into text field '//label[contains(.,'Email *')]/following-sibling::input'.</msg>
<status status="PASS" starttime="20220803 16:13:02.248" endtime="20220803 16:13:02.348"/>
</kw>
<kw name="Click Element" library="SeleniumLibrary">
<arg>${drpareaofint}</arg>
<doc>Click the element identified by ``locator``.</doc>
<msg timestamp="20220803 16:13:02.350" level="INFO">Clicking element '//label[contains(.,'Area of Interest *')]/following-sibling::select'.</msg>
<status status="PASS" starttime="20220803 16:13:02.349" endtime="20220803 16:13:02.448"/>
</kw>
<kw name="Click Element" library="SeleniumLibrary">
<arg>${drpareaofintval}</arg>
<doc>Click the element identified by ``locator``.</doc>
<msg timestamp="20220803 16:13:02.448" level="INFO">Clicking element '//label[contains(.,'Area of Interest *')]/following-sibling::select/option[2]'.</msg>
<status status="PASS" starttime="20220803 16:13:02.448" endtime="20220803 16:13:02.488"/>
</kw>
<status status="PASS" starttime="20220803 16:12:58.280" endtime="20220803 16:13:02.489"/>
</kw>
<kw name="Validate Request Demo button but don’t click on it" library="Common">
<kw name="Page Should Contain Element" library="SeleniumLibrary">
<arg>${btnrequestdemo}</arg>
<doc>Verifies that element ``locator`` is found on the current page.</doc>
<msg timestamp="20220803 16:13:02.502" level="INFO">Current page contains element '//input[@type='submit' and @value='Request Demo']'.</msg>
<status status="PASS" starttime="20220803 16:13:02.490" endtime="20220803 16:13:02.502"/>
</kw>
<status status="PASS" starttime="20220803 16:13:02.490" endtime="20220803 16:13:02.502"/>
</kw>
<kw name="Teardown" library="Common" type="TEARDOWN">
<kw name="Close Browser" library="SeleniumLibrary">
<doc>Closes the current browser.</doc>
<status status="PASS" starttime="20220803 16:13:02.503" endtime="20220803 16:13:04.799"/>
</kw>
<status status="PASS" starttime="20220803 16:13:02.503" endtime="20220803 16:13:04.799"/>
</kw>
<doc>Aris Request Demo Validation</doc>
<tag>ArisPageValidation</tag>
<status status="PASS" starttime="20220803 16:12:20.693" endtime="20220803 16:13:04.800"/>
</test>
<doc>Workshop-pom</doc>
<status status="PASS" starttime="20220803 16:12:20.387" endtime="20220803 16:13:04.802"/>
</suite>
<statistics>
<total>
<stat pass="1" fail="0" skip="0">All Tests</stat>
</total>
<tag>
<stat pass="1" fail="0" skip="0">ArisPageValidation</stat>
</tag>
<suite>
<stat pass="1" fail="0" skip="0" id="s1" name="Workshop26Jul">Workshop26Jul</stat>
</suite>
</statistics>
<errors>
</errors>
</robot>
